<?xml version="1.0" encoding="UTF-8"?>
<testsuite xmlns:xsi="http://www.w3.org/2001/XMLSchema-instance" xsi:noNamespaceSchemaLocation="https://maven.apache.org/surefire/maven-surefire-plugin/xsd/surefire-test-report.xsd" name="za.co.wethinkcode.AcceptanceTests.LaunchAcceptanceTest" time="0.343" tests="2" errors="2" skipped="0" failures="0">
  <properties>
[...]
</properties>
  <testcase name="LaunchRobotsIntoAWorldWithAnObstacle2x2" classname="za.co.wethinkcode.AcceptanceTests.LaunchAcceptanceTest" time="0.072">
    <error message="Error Conecting to Robot Worlds server." type="java.lang.RuntimeException">java.lang.RuntimeException: Error Conecting to Robot Worlds server.
	at za.co.wethinkcode.AcceptanceTests.LaunchAcceptanceTest.connectToServer(LaunchAcceptanceTest.java:32)
Caused by: java.net.ConnectException: Connection refused
	at za.co.wethinkcode.AcceptanceTests.LaunchAcceptanceTest.connectToServer(LaunchAcceptanceTest.java:32)
</error>
  </testcase>
  <testcase name="worldWithAnObstacleIsFull2x2" classname="za.co.wethinkcode.AcceptanceTests.LaunchAcceptanceTest" time="0.005">
    <error message="Error Conecting to Robot Worlds server." type="java.lang.RuntimeException">java.lang.RuntimeException: Error Conecting to Robot Worlds server.
	at za.co.wethinkcode.AcceptanceTests.LaunchAcceptanceTest.connectToServer(LaunchAcceptanceTest.java:32)
Caused by: java.net.ConnectException: Connection refused
	at za.co.wethinkcode.AcceptanceTests.LaunchAcceptanceTest.connectToServer(LaunchAcceptanceTest.java:32)
</error>
  </testcase>
</testsuite>